<?xml version="1.0" encoding="UTF-8"?>
<!-- Generated by org.testng.reporters.JUnitReportReporter -->
<testsuite hostname="MURALI" failures="0" tests="1" name="SeleniumJava.CucumberFramework.AppTest" time="0.012" errors="0" timestamp="2024-09-02T11:07:21 IST" skipped="0">
  <testcase classname="SeleniumJava.CucumberFramework.AppTest" name="shouldAnswerWithTrue" time="0.012"/>
</testsuite> <!-- SeleniumJava.CucumberFramework.AppTest -->
