<?xml version="1.0" encoding="UTF-8"?>
<!-- Generated by org.testng.reporters.JUnitReportReporter -->
<testsuite hostname="MURALI" failures="0" tests="1" name="cucumberOptions.FailedTestNGRunner" time="10.818" errors="0" timestamp="2024-09-06T14:36:19 IST" skipped="0">
  <testcase classname="cucumberOptions.FailedTestNGRunner" name="runScenario" time="10.818"/>
</testsuite> <!-- cucumberOptions.FailedTestNGRunner -->
