<?xml version="1.0" encoding="UTF-8"?>
<!-- Generated by org.testng.reporters.JUnitReportReporter -->
<testsuite hostname="MURALI" failures="0" tests="1" name="utilities.BaseTest" time="4.668" errors="0" timestamp="2024-09-03T21:38:56 IST" skipped="0">
  <testcase classname="utilities.BaseTest" name="Check" time="4.668"/>
</testsuite> <!-- utilities.BaseTest -->
